Starting thread 0
Starting thread 1
Starting thread 2
Starting thread 3
Starting thread 4
Starting thread 5
Starting thread 6
Starting thread 7
Starting thread 8
Starting thread 9
Starting thread 10
Starting thread 11
Starting thread 12
Starting thread 13
Starting thread 14
Starting thread 15
Solving file: data/wuf20-71-M\wuf20-011.mwcnf
Solution: [1, 1, 1, 1, 1, 1, 1, 0, 0, 0, 1, 1, 1, 0, 1, 1, 1, 1, 1, 1]
Success rate: 1.0
Weight: 14009
Solving file: data/wuf20-71-M\wuf20-0108.mwcnf
Solution: [1, 1, 1, 1, 1, 1, 1, 1, 1, 1, 1, 0, 1, 0, 1, 1, 1, 1, 1, 1]
Success rate: 1.0
Weight: 17073
Solving file: data/wuf20-71-M\wuf20-0104.mwcnf
Solution: [1, 1, 1, 1, 1, 0, 1, 1, 1, 0, 1, 0, 1, 0, 0, 1, 0, 1, 0, 1]
Success rate: 1.0
Weight: 10800
Solving file: data/wuf20-71-M\wuf20-0105.mwcnf
Solution: [1, 1, 1, 1, 1, 1, 1, 0, 1, 1, 1, 1, 0, 0, 1, 0, 1, 1, 1, 1]
Success rate: 1.0
Weight: 13736
Solving file: data/wuf20-71-M\wuf20-0111.mwcnf
Solution: [1, 1, 1, 1, 1, 0, 1, 1, 1, 1, 0, 1, 1, 1, 1, 1, 1, 0, 1, 1]
Success rate: 1.0
Weight: 14405
Solving file: data/wuf20-71-M\wuf20-0107.mwcnf
Solution: [1, 0, 1, 1, 1, 1, 1, 1, 1, 1, 0, 1, 0, 0, 0, 1, 1, 1, 1, 0]
Success rate: 1.0
Weight: 11981
Solving file: data/wuf20-71-M\wuf20-01.mwcnf
Solution: [1, 0, 1, 1, 0, 1, 1, 1, 1, 1, 1, 1, 1, 1, 0, 1, 1, 1, 1, 1]
Success rate: 1.0
Weight: 6829
Solving file: data/wuf20-71-M\wuf20-0106.mwcnf
Solution: [0, 1, 1, 0, 1, 1, 1, 1, 1, 1, 1, 1, 1, 1, 0, 1, 0, 1, 1, 1]
Success rate: 1.0
Weight: 13864
Solving file: data/wuf20-71-M\wuf20-01000.mwcnf
Solution: [0, 1, 1, 0, 1, 1, 1, 1, 1, 1, 0, 1, 1, 1, 0, 1, 0, 1, 1, 0]
Success rate: 1.0
Weight: 10282
Solving file: data/wuf20-71-M\wuf20-0103.mwcnf
Solution: [1, 1, 1, 1, 1, 1, 0, 0, 1, 1, 1, 1, 1, 0, 1, 1, 0, 1, 1, 0]
Success rate: 1.0
Weight: 12322
Solving file: data/wuf20-71-M\wuf20-0100.mwcnf
Solution: [1, 1, 1, 1, 1, 0, 0, 1, 1, 1, 1, 1, 1, 1, 1, 1, 0, 0, 1, 1]
Success rate: 1.0
Weight: 12434
Solving file: data/wuf20-71-M\wuf20-010.mwcnf
Solution: [0, 1, 1, 1, 1, 1, 1, 1, 1, 1, 1, 1, 1, 1, 1, 1, 0, 1, 1, 1]
Success rate: 1.0
Weight: 15483
Solving file: data/wuf20-71-M\wuf20-0102.mwcnf
Solution: [0, 1, 1, 1, 0, 1, 1, 0, 1, 1, 0, 1, 1, 1, 1, 1, 1, 0, 0, 0]
Success rate: 1.0
Weight: 9439
Solving file: data/wuf20-71-M\wuf20-0110.mwcnf
Solution: [1, 0, 1, 0, 1, 1, 1, 1, 1, 0, 1, 1, 1, 1, 1, 0, 1, 1, 1, 0]
Success rate: 1.0
Weight: 11931
Solving file: data/wuf20-71-M\wuf20-0101.mwcnf
Solution: [1, 1, 1, 0, 0, 1, 0, 1, 1, 1, 1, 0, 0, 1, 1, 1, 1, 1, 1, 1]
Success rate: 1.0
Weight: 10981
Solving file: data/wuf20-71-M\wuf20-0109.mwcnf
Solution: [1, 1, 1, 0, 1, 0, 1, 0, 1, 1, 1, 0, 1, 1, 0, 0, 0, 1, 1, 0]
Success rate: 1.0
Weight: 8523
Solving file: data/wuf20-71-M\wuf20-0121.mwcnf
Solution: [1, 0, 1, 1, 0, 1, 1, 1, 1, 1, 1, 1, 1, 1, 1, 1, 1, 1, 0, 1]
Success rate: 1.0
Weight: 14298
Solving file: data/wuf20-71-M\wuf20-0122.mwcnf
Solution: [1, 1, 1, 1, 1, 1, 1, 0, 1, 1, 1, 1, 0, 1, 0, 1, 1, 1, 1, 0]
Success rate: 1.0
Weight: 13131
Solving file: data/wuf20-71-M\wuf20-0124.mwcnf
Solution: [1, 1, 1, 0, 1, 0, 1, 1, 1, 0, 1, 1, 1, 1, 1, 0, 1, 1, 1, 1]
Success rate: 1.0
Weight: 13335
Solving file: data/wuf20-71-M\wuf20-0119.mwcnf
Solution: [1, 1, 1, 1, 1, 1, 1, 1, 0, 1, 1, 0, 1, 1, 1, 1, 1, 1, 1, 0]
Success rate: 1.0
Weight: 14604
Solving file: data/wuf20-71-M\wuf20-0117.mwcnf
Solution: [1, 0, 0, 1, 1, 1, 1, 1, 0, 1, 1, 1, 1, 1, 1, 1, 1, 1, 1, 1]
Success rate: 1.0
Weight: 14016
Solving file: data/wuf20-71-M\wuf20-0112.mwcnf
Solution: [0, 1, 1, 1, 1, 1, 1, 1, 0, 1, 1, 1, 1, 1, 1, 1, 1, 1, 0, 1]
Success rate: 1.0
Weight: 13535
Solving file: data/wuf20-71-M\wuf20-0120.mwcnf
Solution: [1, 0, 0, 1, 1, 1, 1, 1, 1, 1, 1, 1, 0, 0, 1, 1, 1, 1, 1, 0]
Success rate: 1.0
Weight: 12352
Solving file: data/wuf20-71-M\wuf20-0118.mwcnf
Solution: [1, 0, 0, 1, 1, 0, 1, 1, 0, 1, 1, 1, 1, 1, 1, 1, 1, 1, 1, 1]
Success rate: 1.0
Weight: 13838
Solving file: data/wuf20-71-M\wuf20-0126.mwcnf
Solution: [1, 1, 1, 1, 1, 1, 1, 1, 1, 1, 1, 1, 0, 1, 1, 0, 1, 1, 0, 1]
Success rate: 1.0
Weight: 14788
Solving file: data/wuf20-71-M\wuf20-0113.mwcnf
Solution: [0, 0, 1, 1, 1, 1, 1, 1, 1, 1, 1, 0, 0, 1, 1, 1, 1, 1, 1, 1]
Success rate: 1.0
Weight: 13361
Solving file: data/wuf20-71-M\wuf20-0123.mwcnf
Solution: [1, 1, 1, 1, 0, 0, 1, 1, 1, 1, 1, 1, 1, 1, 1, 1, 1, 1, 0, 1]
Success rate: 1.0
Weight: 13979
Solving file: data/wuf20-71-M\wuf20-0114.mwcnf
Solution: [1, 1, 1, 1, 1, 1, 1, 0, 1, 0, 1, 1, 1, 1, 1, 1, 1, 1, 1, 1]
Success rate: 1.0
Weight: 15956
Solving file: data/wuf20-71-M\wuf20-0116.mwcnf
Solution: [1, 1, 1, 1, 0, 1, 1, 1, 1, 0, 1, 1, 1, 1, 0, 1, 1, 0, 0, 0]
Success rate: 1.0
Weight: 11342
Solving file: data/wuf20-71-M\wuf20-0115.mwcnf
Solution: [1, 1, 1, 1, 1, 0, 0, 0, 1, 1, 1, 0, 1, 1, 0, 1, 1, 1, 0, 1]
Success rate: 1.0
Weight: 10107
Solving file: data/wuf20-71-M\wuf20-012.mwcnf
Solution: [1, 1, 1, 1, 0, 1, 0, 1, 1, 0, 0, 1, 1, 1, 1, 0, 0, 1, 1, 0]
Success rate: 1.0
Weight: 8689
Solving file: data/wuf20-71-M\wuf20-0125.mwcnf
Solution: [1, 1, 1, 1, 1, 1, 1, 1, 0, 1, 1, 1, 1, 1, 0, 1, 1, 1, 1, 1]
Success rate: 1.0
Weight: 15155
Solving file: data/wuf20-71-M\wuf20-0136.mwcnf
Solution: [1, 1, 1, 0, 1, 1, 1, 0, 1, 1, 0, 1, 1, 1, 1, 1, 0, 0, 1, 1]
Success rate: 1.0
Weight: 12925
Solving file: data/wuf20-71-M\wuf20-0137.mwcnf
Solution: [0, 1, 1, 1, 1, 0, 1, 1, 1, 1, 0, 0, 1, 0, 0, 1, 1, 1, 1, 0]
Success rate: 1.0
Weight: 8851
Solving file: data/wuf20-71-M\wuf20-0139.mwcnf
Solution: [1, 0, 1, 1, 1, 1, 1, 1, 1, 0, 1, 1, 1, 0, 1, 0, 0, 1, 1, 0]
Success rate: 1.0
Weight: 8876
Solving file: data/wuf20-71-M\wuf20-0132.mwcnf
Solution: [1, 1, 1, 1, 1, 1, 1, 1, 1, 0, 1, 1, 0, 1, 0, 0, 1, 1, 1, 1]
Success rate: 1.0
Weight: 13487
Solving file: data/wuf20-71-M\wuf20-0140.mwcnf
Solution: [1, 1, 1, 0, 0, 1, 1, 1, 1, 1, 1, 1, 0, 0, 1, 1, 1, 1, 1, 1]
Success rate: 1.0
Weight: 14517
Solving file: data/wuf20-71-M\wuf20-0133.mwcnf
Solution: [1, 0, 1, 1, 1, 1, 1, 0, 1, 1, 1, 1, 1, 1, 1, 1, 1, 1, 1, 1]
Success rate: 1.0
Weight: 16724
Solving file: data/wuf20-71-M\wuf20-0131.mwcnf
Solution: [1, 1, 1, 1, 1, 0, 1, 1, 1, 1, 1, 1, 1, 1, 1, 1, 1, 1, 1, 1]
Success rate: 1.0
Weight: 16803
Solving file: data/wuf20-71-M\wuf20-0127.mwcnf
Solution: [1, 1, 1, 0, 1, 1, 0, 1, 1, 1, 1, 1, 1, 1, 0, 0, 1, 1, 0, 1]
Success rate: 1.0
Weight: 11772
Solving file: data/wuf20-71-M\wuf20-0129.mwcnf
Solution: [1, 0, 1, 1, 1, 1, 0, 1, 1, 1, 0, 1, 0, 1, 0, 0, 1, 0, 1, 1]
Success rate: 1.0
Weight: 8014
Solving file: data/wuf20-71-M\wuf20-014.mwcnf
Solution: [1, 1, 1, 1, 1, 1, 0, 1, 0, 1, 1, 1, 1, 1, 1, 0, 1, 1, 1, 0]
Success rate: 1.0
Weight: 12161
Solving file: data/wuf20-71-M\wuf20-0130.mwcnf
Solution: [1, 0, 0, 1, 1, 0, 1, 1, 0, 1, 1, 1, 1, 0, 0, 0, 0, 1, 1, 1]
Success rate: 1.0
Weight: 9472
Solving file: data/wuf20-71-M\wuf20-0135.mwcnf
Solution: [1, 1, 1, 1, 1, 1, 0, 0, 0, 1, 0, 1, 1, 1, 0, 1, 0, 1, 1, 1]
Success rate: 1.0
Weight: 10815
Solving file: data/wuf20-71-M\wuf20-0134.mwcnf
Solution: [1, 1, 0, 1, 1, 1, 1, 1, 0, 1, 1, 1, 1, 1, 0, 1, 1, 1, 0, 0]
Success rate: 1.0
Weight: 11386
Solving file: data/wuf20-71-M\wuf20-013.mwcnf
Solution: [1, 1, 0, 1, 1, 1, 1, 1, 0, 0, 1, 1, 0, 1, 1, 1, 1, 1, 0, 1]
Success rate: 1.0
Weight: 10917
Solving file: data/wuf20-71-M\wuf20-0138.mwcnf
Solution: [0, 0, 1, 1, 1, 1, 1, 0, 1, 1, 1, 1, 1, 0, 1, 1, 1, 1, 0, 1]
Success rate: 1.0
Weight: 12909
Solving file: data/wuf20-71-M\wuf20-0128.mwcnf
Solution: [0, 0, 1, 1, 1, 1, 1, 1, 0, 1, 1, 1, 1, 1, 1, 1, 0, 1, 1, 1]
Success rate: 1.0
Weight: 13359
Solving file: data/wuf20-71-M\wuf20-0150.mwcnf
Solution: [1, 1, 1, 1, 0, 0, 0, 1, 0, 1, 1, 1, 1, 1, 1, 1, 1, 0, 1, 1]
Success rate: 1.0
Weight: 11002
Solving file: data/wuf20-71-M\wuf20-0151.mwcnf
Solution: [1, 1, 0, 1, 1, 1, 1, 1, 1, 1, 1, 1, 1, 1, 1, 1, 0, 1, 0, 1]
Success rate: 1.0
Weight: 13931
Solving file: data/wuf20-71-M\wuf20-0153.mwcnf
Solution: [1, 1, 1, 0, 1, 1, 1, 1, 1, 1, 0, 0, 1, 1, 1, 0, 1, 1, 0, 0]
Success rate: 1.0
Weight: 5359
Solving file: data/wuf20-71-M\wuf20-0146.mwcnf
Solution: [1, 1, 0, 1, 1, 1, 1, 0, 0, 1, 1, 0, 1, 0, 1, 1, 0, 1, 1, 1]
Success rate: 1.0
Weight: 11872
Solving file: data/wuf20-71-M\wuf20-0147.mwcnf
Solution: [1, 1, 1, 0, 1, 0, 1, 1, 0, 1, 1, 1, 1, 1, 0, 1, 1, 0, 1, 0]
Success rate: 1.0
Weight: 11245
Solving file: data/wuf20-71-M\wuf20-0148.mwcnf
Solution: [1, 1, 0, 1, 1, 1, 1, 0, 0, 1, 1, 1, 1, 0, 1, 1, 1, 1, 1, 1]
Success rate: 1.0
Weight: 14249
Solving file: data/wuf20-71-M\wuf20-0143.mwcnf
Solution: [1, 1, 1, 1, 1, 1, 1, 1, 0, 1, 1, 1, 0, 1, 1, 1, 1, 0, 1, 1]
Success rate: 1.0
Weight: 13666
Solving file: data/wuf20-71-M\wuf20-0155.mwcnf
Solution: [1, 1, 1, 1, 1, 1, 0, 1, 1, 1, 1, 1, 0, 1, 1, 1, 0, 1, 1, 1]
Success rate: 1.0
Weight: 7803
Solving file: data/wuf20-71-M\wuf20-0154.mwcnf
Solution: [1, 0, 1, 1, 1, 1, 1, 1, 1, 0, 0, 1, 1, 1, 1, 0, 1, 1, 1, 1]
Success rate: 1.0
Weight: 7576
Solving file: data/wuf20-71-M\wuf20-0145.mwcnf
Solution: [1, 1, 1, 0, 1, 1, 1, 1, 1, 1, 0, 1, 1, 1, 1, 0, 1, 1, 0, 1]
Success rate: 1.0
Weight: 13549
Solving file: data/wuf20-71-M\wuf20-0141.mwcnf
Solution: [1, 1, 1, 0, 1, 1, 1, 0, 1, 1, 1, 1, 1, 1, 1, 1, 1, 0, 0, 1]
Success rate: 1.0
Weight: 12231
Solving file: data/wuf20-71-M\wuf20-0144.mwcnf
Solution: [0, 0, 1, 0, 0, 1, 1, 0, 1, 1, 1, 1, 1, 1, 0, 1, 1, 0, 0, 1]
Success rate: 1.0
Weight: 8310
Solving file: data/wuf20-71-M\wuf20-0149.mwcnf
Solution: [1, 1, 0, 1, 1, 1, 0, 0, 1, 1, 0, 1, 1, 1, 1, 1, 1, 1, 1, 1]
Success rate: 1.0
Weight: 11814
Solving file: data/wuf20-71-M\wuf20-015.mwcnf
Solution: [0, 1, 1, 1, 1, 1, 1, 1, 1, 1, 1, 0, 1, 1, 0, 0, 0, 1, 1, 0]
Success rate: 1.0
Weight: 5235
Solving file: data/wuf20-71-M\wuf20-0142.mwcnf
Solution: [1, 1, 0, 1, 0, 0, 1, 1, 0, 0, 1, 1, 1, 1, 1, 1, 0, 1, 1, 1]
Success rate: 1.0
Weight: 11340
Solving file: data/wuf20-71-M\wuf20-0152.mwcnf
Solution: [1, 1, 1, 1, 1, 1, 1, 0, 0, 1, 0, 1, 1, 1, 0, 1, 1, 0, 0, 0]
Success rate: 1.0
Weight: 5220
Solving file: data/wuf20-71-M\wuf20-0168.mwcnf
Solution: [1, 0, 1, 0, 1, 1, 1, 1, 1, 0, 1, 1, 1, 1, 1, 1, 0, 1, 1, 0]
Success rate: 1.0
Weight: 6200
Solving file: data/wuf20-71-M\wuf20-0165.mwcnf
Solution: [1, 1, 1, 1, 1, 1, 1, 1, 1, 1, 0, 0, 1, 1, 1, 1, 1, 1, 1, 0]
Success rate: 1.0
Weight: 8111
Solving file: data/wuf20-71-M\wuf20-0161.mwcnf
Solution: [1, 0, 0, 1, 1, 1, 1, 1, 1, 1, 1, 1, 1, 1, 1, 1, 0, 1, 0, 1]
Success rate: 1.0
Weight: 6708
Solving file: data/wuf20-71-M\wuf20-0166.mwcnf
Solution: [1, 1, 1, 1, 0, 1, 1, 1, 1, 1, 1, 1, 0, 1, 0, 0, 1, 1, 1, 0]
Success rate: 1.0
Weight: 6351
Solving file: data/wuf20-71-M\wuf20-0160.mwcnf
Solution: [1, 1, 0, 1, 1, 1, 1, 1, 1, 1, 1, 1, 1, 1, 1, 1, 1, 1, 1, 1]
Success rate: 1.0
Weight: 8259
Solving file: data/wuf20-71-M\wuf20-017.mwcnf
Solution: [1, 1, 1, 1, 1, 0, 1, 1, 1, 1, 1, 1, 0, 0, 1, 1, 1, 1, 1, 1]
Success rate: 1.0
Weight: 7859
Solving file: data/wuf20-71-M\wuf20-016.mwcnf
Solution: [1, 1, 1, 1, 1, 1, 0, 1, 1, 1, 1, 1, 1, 1, 1, 0, 0, 1, 0, 1]
Success rate: 1.0
Weight: 6493
Solving file: data/wuf20-71-M\wuf20-0169.mwcnf
Solution: [0, 1, 1, 1, 1, 1, 1, 1, 1, 1, 1, 0, 1, 1, 0, 1, 1, 0, 0, 0]
Success rate: 1.0
Weight: 5124
Solving file: data/wuf20-71-M\wuf20-0156.mwcnf
Solution: [1, 1, 0, 1, 1, 0, 1, 1, 1, 1, 1, 1, 1, 0, 0, 0, 1, 0, 1, 1]
Success rate: 1.0
Weight: 5465
Solving file: data/wuf20-71-M\wuf20-0162.mwcnf
Solution: [1, 1, 0, 1, 1, 1, 1, 0, 1, 1, 1, 1, 0, 1, 1, 1, 1, 1, 1, 0]
Success rate: 1.0
Weight: 6944
Solving file: data/wuf20-71-M\wuf20-0158.mwcnf
Solution: [1, 1, 0, 1, 1, 1, 1, 1, 0, 1, 1, 1, 1, 1, 0, 0, 0, 0, 1, 0]
Success rate: 1.0
Weight: 5461
Solving file: data/wuf20-71-M\wuf20-0159.mwcnf
Solution: [1, 1, 0, 1, 1, 1, 0, 1, 1, 1, 1, 0, 1, 1, 1, 1, 1, 1, 1, 1]
Success rate: 1.0
Weight: 7160
Solving file: data/wuf20-71-M\wuf20-0164.mwcnf
Solution: [0, 0, 1, 1, 1, 1, 1, 1, 1, 1, 1, 1, 1, 0, 1, 0, 1, 0, 1, 1]
Success rate: 1.0
Weight: 5472
Solving file: data/wuf20-71-M\wuf20-0157.mwcnf
Solution: [1, 1, 1, 1, 0, 1, 1, 1, 1, 1, 0, 1, 0, 1, 0, 1, 1, 0, 0, 0]
Success rate: 1.0
Weight: 5146
Solving file: data/wuf20-71-M\wuf20-0163.mwcnf
Solution: [1, 1, 1, 1, 0, 1, 1, 1, 1, 0, 1, 1, 1, 1, 1, 1, 1, 1, 1, 1]
Success rate: 1.0
Weight: 7676
Solving file: data/wuf20-71-M\wuf20-0167.mwcnf
Solution: [1, 1, 1, 1, 0, 1, 1, 1, 1, 1, 1, 0, 1, 1, 1, 1, 0, 1, 1, 0]
Success rate: 1.0
Weight: 6866
Solving file: data/wuf20-71-M\wuf20-018.mwcnf
Solution: [1, 1, 1, 0, 1, 0, 0, 1, 1, 1, 0, 1, 1, 1, 1, 1, 1, 1, 0, 1]
Success rate: 1.0
Weight: 6753
Solving file: data/wuf20-71-M\wuf20-0175.mwcnf
Solution: [1, 1, 1, 0, 0, 1, 0, 1, 1, 1, 1, 1, 1, 1, 0, 1, 0, 1, 1, 1]
Success rate: 1.0
Weight: 6080
Solving file: data/wuf20-71-M\wuf20-0182.mwcnf
Solution: [0, 1, 1, 1, 1, 1, 0, 1, 0, 1, 1, 0, 1, 1, 1, 1, 0, 1, 1, 1]
Success rate: 1.0
Weight: 5969
Solving file: data/wuf20-71-M\wuf20-0180.mwcnf
Solution: [1, 1, 1, 1, 0, 1, 1, 1, 0, 1, 1, 1, 1, 0, 1, 1, 0, 1, 0, 1]
Success rate: 1.0
Weight: 6813
Solving file: data/wuf20-71-M\wuf20-0176.mwcnf
Solution: [0, 0, 1, 1, 1, 1, 0, 1, 1, 0, 0, 1, 1, 1, 1, 1, 0, 1, 0, 0]
Success rate: 1.0
Weight: 4460
Solving file: data/wuf20-71-M\wuf20-0184.mwcnf
Solution: [0, 1, 1, 1, 1, 1, 1, 0, 1, 1, 1, 1, 0, 0, 1, 1, 1, 0, 1, 0]
Success rate: 1.0
Weight: 6125
Solving file: data/wuf20-71-M\wuf20-0183.mwcnf
Solution: [1, 1, 1, 0, 1, 1, 1, 1, 0, 1, 0, 1, 0, 1, 1, 0, 0, 1, 0, 0]
Success rate: 1.0
Weight: 4841
Solving file: data/wuf20-71-M\wuf20-0174.mwcnf
Solution: [1, 0, 1, 1, 1, 1, 1, 1, 0, 1, 0, 1, 1, 1, 0, 0, 1, 1, 1, 1]
Success rate: 1.0
Weight: 6839
Solving file: data/wuf20-71-M\wuf20-0173.mwcnf
Solution: [1, 1, 1, 1, 1, 1, 1, 0, 1, 1, 0, 0, 1, 1, 1, 0, 0, 1, 1, 1]
Success rate: 1.0
Weight: 6643
Solving file: data/wuf20-71-M\wuf20-0172.mwcnf
Solution: [1, 1, 1, 0, 0, 1, 1, 0, 0, 1, 1, 1, 1, 1, 1, 1, 0, 1, 1, 1]
Success rate: 1.0
Weight: 6492
Solving file: data/wuf20-71-M\wuf20-0177.mwcnf
Solution: [0, 1, 1, 1, 1, 1, 1, 1, 1, 1, 1, 1, 0, 1, 1, 1, 1, 0, 0, 1]
Success rate: 1.0
Weight: 6913
Solving file: data/wuf20-71-M\wuf20-0170.mwcnf
Solution: [1, 1, 0, 1, 1, 1, 1, 1, 1, 0, 1, 1, 1, 1, 0, 1, 1, 0, 1, 0]
Success rate: 1.0
Weight: 6931
Solving file: data/wuf20-71-M\wuf20-0171.mwcnf
Solution: [1, 1, 1, 1, 1, 1, 1, 1, 1, 1, 1, 1, 1, 1, 1, 1, 0, 1, 0, 1]
Success rate: 1.0
Weight: 7927
Solving file: data/wuf20-71-M\wuf20-0181.mwcnf
Solution: [0, 1, 1, 1, 1, 1, 1, 0, 1, 1, 0, 1, 1, 1, 1, 1, 0, 0, 1, 1]
Success rate: 1.0
Weight: 6636
Solving file: data/wuf20-71-M\wuf20-0179.mwcnf
Solution: [0, 1, 1, 1, 1, 1, 1, 1, 1, 1, 0, 1, 1, 1, 1, 1, 1, 1, 1, 1]
Success rate: 1.0
Weight: 8195
Solving file: data/wuf20-71-M\wuf20-0178.mwcnf
Solution: [1, 0, 1, 1, 1, 0, 1, 1, 1, 1, 1, 0, 0, 1, 1, 1, 1, 0, 1, 1]
Success rate: 1.0
Weight: 6173
Solving file: data/wuf20-71-M\wuf20-0197.mwcnf
Solution: [1, 1, 0, 0, 1, 0, 1, 1, 0, 1, 0, 0, 1, 1, 1, 0, 1, 1, 1, 1]
Success rate: 1.0
Weight: 5010
Solving file: data/wuf20-71-M\wuf20-0194.mwcnf
Solution: [1, 1, 0, 1, 1, 0, 1, 0, 1, 1, 0, 1, 0, 1, 1, 1, 1, 1, 1, 1]
Success rate: 1.0
Weight: 6830
Solving file: data/wuf20-71-M\wuf20-0199.mwcnf
Solution: [1, 1, 1, 0, 1, 1, 1, 1, 0, 1, 1, 1, 1, 1, 1, 1, 1, 0, 1, 1]
Success rate: 1.0
Weight: 8077
Solving file: data/wuf20-71-M\wuf20-0195.mwcnf
Solution: [1, 1, 1, 1, 1, 0, 1, 1, 1, 1, 0, 0, 1, 1, 1, 1, 1, 1, 1, 1]
Success rate: 1.0
Weight: 7098
Solving file: data/wuf20-71-M\wuf20-019.mwcnf
Solution: [0, 1, 1, 1, 1, 1, 1, 1, 1, 1, 1, 1, 1, 1, 0, 1, 0, 1, 1, 0]
Success rate: 1.0
Weight: 6946
Solving file: data/wuf20-71-M\wuf20-0190.mwcnf
Solution: [1, 1, 1, 1, 1, 1, 1, 1, 0, 1, 1, 1, 1, 1, 1, 1, 1, 1, 1, 0]
Success rate: 1.0
Weight: 7819
Solving file: data/wuf20-71-M\wuf20-0188.mwcnf
Solution: [1, 1, 1, 1, 1, 0, 1, 0, 1, 0, 1, 1, 1, 1, 1, 0, 1, 0, 1, 0]
Success rate: 1.0
Weight: 5680
Solving file: data/wuf20-71-M\wuf20-0191.mwcnf
Solution: [1, 1, 1, 1, 0, 1, 0, 0, 1, 1, 1, 0, 1, 1, 1, 1, 1, 1, 1, 1]
Success rate: 1.0
Weight: 7107
Solving file: data/wuf20-71-M\wuf20-0185.mwcnf
Solution: [1, 0, 0, 1, 1, 1, 1, 0, 1, 0, 1, 0, 0, 1, 1, 1, 1, 1, 0, 1]
Success rate: 1.0
Weight: 5836
Solving file: data/wuf20-71-M\wuf20-0198.mwcnf
Solution: [1, 1, 1, 1, 1, 0, 1, 1, 0, 1, 1, 1, 1, 0, 1, 1, 1, 1, 1, 0]
Success rate: 1.0
Weight: 7041
Solving file: data/wuf20-71-M\wuf20-0189.mwcnf
Solution: [1, 1, 1, 1, 1, 0, 1, 0, 1, 1, 1, 0, 1, 0, 1, 1, 1, 1, 1, 0]
Success rate: 1.0
Weight: 6510
Solving file: data/wuf20-71-M\wuf20-0196.mwcnf
Solution: [1, 1, 1, 1, 1, 0, 1, 1, 0, 1, 1, 1, 1, 1, 1, 1, 1, 0, 1, 1]
Success rate: 1.0
Weight: 6707
Solving file: data/wuf20-71-M\wuf20-0187.mwcnf
Solution: [1, 1, 1, 0, 0, 1, 1, 1, 1, 0, 1, 1, 0, 1, 1, 1, 1, 0, 1, 1]
Success rate: 1.0
Weight: 5479
Solving file: data/wuf20-71-M\wuf20-0186.mwcnf
Solution: [0, 1, 1, 1, 1, 1, 1, 1, 1, 0, 1, 1, 0, 1, 1, 1, 1, 1, 1, 1]
Success rate: 1.0
Weight: 7456
Solving file: data/wuf20-71-M\wuf20-0192.mwcnf
Solution: [0, 1, 0, 1, 0, 1, 0, 1, 1, 1, 0, 1, 1, 1, 0, 1, 1, 1, 0, 1]
Success rate: 1.0
Weight: 5288
Solving file: data/wuf20-71-M\wuf20-0193.mwcnf
Solution: [1, 1, 1, 1, 0, 0, 1, 0, 1, 0, 1, 1, 0, 1, 1, 1, 1, 1, 0, 1]
Success rate: 1.0
Weight: 5205
Solving file: data/wuf20-71-M\wuf20-0208.mwcnf
Solution: [1, 1, 0, 0, 1, 1, 0, 1, 1, 1, 1, 1, 1, 1, 1, 1, 1, 1, 1, 1]
Success rate: 1.0
Weight: 7276
Solving file: data/wuf20-71-M\wuf20-0209.mwcnf
Solution: [1, 1, 1, 1, 0, 1, 1, 1, 1, 1, 1, 1, 0, 1, 1, 1, 1, 0, 1, 1]
Success rate: 1.0
Weight: 8065
Solving file: data/wuf20-71-M\wuf20-0204.mwcnf
Solution: [0, 0, 1, 1, 1, 1, 1, 0, 1, 1, 1, 0, 1, 1, 1, 1, 0, 1, 1, 0]
Success rate: 1.0
Weight: 5763
Solving file: data/wuf20-71-M\wuf20-0210.mwcnf
Solution: [1, 1, 0, 1, 0, 1, 1, 1, 1, 0, 0, 1, 1, 1, 1, 0, 0, 0, 1, 0]
Success rate: 1.0
Weight: 4087
Solving file: data/wuf20-71-M\wuf20-0212.mwcnf
Solution: [0, 1, 1, 1, 0, 1, 1, 1, 0, 1, 1, 1, 1, 1, 1, 1, 1, 1, 0, 0]
Success rate: 1.0
Weight: 6542
Solving file: data/wuf20-71-M\wuf20-0203.mwcnf
Solution: [1, 0, 0, 1, 1, 1, 1, 1, 1, 1, 1, 1, 1, 1, 1, 0, 0, 1, 1, 1]
Success rate: 1.0
Weight: 6568
Solving file: data/wuf20-71-M\wuf20-02.mwcnf
Solution: [1, 1, 1, 0, 1, 1, 0, 1, 1, 0, 1, 1, 0, 1, 1, 1, 0, 1, 1, 0]
Success rate: 1.0
Weight: 3972
Solving file: data/wuf20-71-M\wuf20-0201.mwcnf
Solution: [1, 1, 1, 1, 1, 0, 1, 0, 0, 1, 1, 0, 1, 1, 0, 1, 1, 1, 0, 1]
Success rate: 1.0
Weight: 5535
Solving file: data/wuf20-71-M\wuf20-0200.mwcnf
Solution: [1, 0, 1, 0, 1, 1, 0, 1, 0, 0, 0, 1, 1, 1, 1, 0, 1, 1, 1, 1]
Success rate: 1.0
Weight: 4661
Solving file: data/wuf20-71-M\wuf20-0205.mwcnf
Solution: [0, 1, 1, 1, 0, 1, 1, 0, 1, 1, 1, 1, 1, 1, 0, 1, 1, 0, 0, 0]
Success rate: 1.0
Weight: 4867
Solving file: data/wuf20-71-M\wuf20-0202.mwcnf
Solution: [1, 0, 1, 1, 1, 1, 0, 0, 1, 0, 1, 1, 1, 1, 0, 1, 1, 1, 1, 1]
Success rate: 1.0
Weight: 6326
Solving file: data/wuf20-71-M\wuf20-0211.mwcnf
Solution: [1, 1, 1, 1, 1, 0, 0, 1, 0, 0, 1, 1, 1, 0, 0, 1, 1, 1, 1, 1]
Success rate: 1.0
Weight: 6275
Solving file: data/wuf20-71-M\wuf20-020.mwcnf
Solution: [1, 1, 1, 1, 1, 1, 1, 1, 0, 0, 1, 0, 1, 1, 1, 1, 1, 1, 0, 1]
Success rate: 1.0
Weight: 7080
Solving file: data/wuf20-71-M\wuf20-021.mwcnf
Solution: [1, 1, 1, 0, 0, 1, 1, 1, 1, 0, 1, 1, 1, 1, 1, 1, 1, 1, 1, 0]
Success rate: 1.0
Weight: 6638
Solving file: data/wuf20-71-M\wuf20-0206.mwcnf
Solution: [1, 1, 1, 1, 1, 1, 1, 1, 0, 1, 1, 1, 1, 1, 1, 0, 1, 1, 1, 1]
Success rate: 1.0
Weight: 8230
Solving file: data/wuf20-71-M\wuf20-0207.mwcnf
Solution: [1, 1, 0, 1, 1, 0, 1, 1, 1, 1, 1, 1, 1, 1, 0, 0, 0, 0, 1, 1]
Success rate: 1.0
Weight: 5904
Solving file: data/wuf20-71-M\wuf20-0223.mwcnf
Solution: [0, 1, 1, 1, 1, 1, 1, 1, 1, 1, 1, 0, 1, 0, 1, 1, 1, 1, 1, 1]
Success rate: 1.0
Weight: 7757
Solving file: data/wuf20-71-M\wuf20-0222.mwcnf
Solution: [1, 1, 1, 1, 1, 1, 1, 1, 0, 1, 1, 1, 1, 1, 1, 1, 1, 0, 1, 1]
Success rate: 1.0
Weight: 8423
Solving file: data/wuf20-71-M\wuf20-0219.mwcnf
Solution: [1, 1, 1, 1, 1, 1, 0, 0, 1, 0, 1, 0, 0, 1, 1, 1, 1, 1, 0, 1]
Success rate: 1.0
Weight: 5497
Solving file: data/wuf20-71-M\wuf20-0213.mwcnf
Solution: [1, 1, 1, 0, 1, 1, 0, 1, 1, 0, 1, 1, 1, 0, 1, 1, 1, 1, 1, 0]
Success rate: 1.0
Weight: 5947
Solving file: data/wuf20-71-M\wuf20-0218.mwcnf
Solution: [1, 1, 1, 0, 1, 0, 1, 1, 1, 1, 0, 1, 1, 1, 0, 0, 1, 1, 1, 0]
Success rate: 1.0
Weight: 5730
Solving file: data/wuf20-71-M\wuf20-0225.mwcnf
Solution: [1, 0, 1, 1, 0, 1, 0, 1, 1, 1, 1, 0, 0, 1, 1, 1, 1, 1, 1, 1]
Success rate: 1.0
Weight: 5783
Solving file: data/wuf20-71-M\wuf20-0215.mwcnf
Solution: [1, 0, 1, 1, 1, 1, 1, 0, 0, 1, 1, 1, 1, 1, 1, 1, 1, 1, 1, 1]
Success rate: 1.0
Weight: 7056
Solving file: data/wuf20-71-M\wuf20-0227.mwcnf
Solution: [1, 1, 1, 1, 1, 1, 1, 1, 1, 0, 0, 1, 1, 1, 1, 1, 1, 1, 1, 1]
Success rate: 1.0
Weight: 7634
Solving file: data/wuf20-71-M\wuf20-0216.mwcnf
Solution: [1, 0, 0, 1, 0, 1, 0, 1, 0, 1, 0, 1, 1, 0, 1, 0, 1, 1, 1, 1]
Success rate: 1.0
Weight: 4686
Solving file: data/wuf20-71-M\wuf20-0217.mwcnf
Solution: [1, 0, 0, 1, 1, 1, 1, 1, 1, 0, 1, 0, 1, 1, 1, 1, 0, 1, 1, 1]
Success rate: 1.0
Weight: 6737
Solving file: data/wuf20-71-M\wuf20-022.mwcnf
Solution: [1, 1, 0, 1, 0, 0, 1, 1, 1, 1, 1, 1, 1, 0, 1, 1, 1, 0, 1, 1]
Success rate: 1.0
Weight: 5599
Solving file: data/wuf20-71-M\wuf20-0214.mwcnf
Solution: [1, 1, 0, 1, 1, 1, 0, 1, 1, 1, 1, 0, 1, 1, 1, 0, 1, 1, 1, 1]
Success rate: 1.0
Weight: 6842
Solving file: data/wuf20-71-M\wuf20-0226.mwcnf
Solution: [1, 0, 1, 0, 1, 1, 0, 1, 1, 1, 0, 1, 1, 1, 0, 1, 1, 1, 1, 0]
Success rate: 1.0
Weight: 5577
Solving file: data/wuf20-71-M\wuf20-0220.mwcnf
Solution: [1, 1, 1, 1, 1, 1, 1, 0, 0, 1, 0, 0, 1, 1, 1, 0, 1, 0, 1, 1]
Success rate: 1.0
Weight: 5270
Solving file: data/wuf20-71-M\wuf20-0224.mwcnf
Solution: [1, 1, 0, 0, 1, 1, 1, 1, 1, 0, 1, 1, 1, 1, 0, 0, 1, 1, 1, 1]
Success rate: 1.0
Weight: 6075
Solving file: data/wuf20-71-M\wuf20-0221.mwcnf
Solution: [0, 1, 1, 1, 1, 0, 0, 1, 1, 1, 1, 1, 1, 1, 1, 1, 0, 1, 1, 1]
Success rate: 1.0
Weight: 7204
Solving file: data/wuf20-71-M\wuf20-0238.mwcnf
Solution: [1, 1, 1, 1, 0, 1, 0, 1, 1, 1, 1, 1, 1, 0, 1, 1, 1, 1, 1, 1]
Success rate: 1.0
Weight: 7129
Solving file: data/wuf20-71-M\wuf20-0237.mwcnf
Solution: [1, 0, 1, 1, 1, 0, 0, 1, 0, 0, 0, 1, 1, 1, 1, 1, 0, 1, 0, 1]
Success rate: 1.0
Weight: 4983
Solving file: data/wuf20-71-M\wuf20-0233.mwcnf
Solution: [1, 0, 1, 1, 1, 0, 1, 1, 1, 0, 1, 0, 1, 1, 1, 1, 1, 1, 1, 0]
Success rate: 1.0
Weight: 6465
Solving file: data/wuf20-71-M\wuf20-0228.mwcnf
Solution: [1, 1, 1, 1, 1, 0, 0, 1, 1, 0, 1, 1, 1, 0, 1, 0, 1, 1, 1, 0]
Success rate: 1.0
Weight: 5912
Solving file: data/wuf20-71-M\wuf20-023.mwcnf
Solution: [1, 1, 1, 1, 0, 1, 1, 1, 1, 1, 0, 1, 1, 1, 0, 1, 0, 1, 1, 1]
Success rate: 1.0
Weight: 6411
Solving file: data/wuf20-71-M\wuf20-024.mwcnf
Solution: [1, 0, 1, 0, 1, 0, 0, 0, 1, 1, 1, 0, 0, 1, 1, 0, 1, 1, 1, 1]
Success rate: 1.0
Weight: 4668
Solving file: data/wuf20-71-M\wuf20-0230.mwcnf
Solution: [1, 0, 0, 0, 1, 1, 1, 1, 1, 1, 0, 0, 1, 1, 1, 1, 0, 0, 0, 1]
Success rate: 1.0
Weight: 5118
Solving file: data/wuf20-71-M\wuf20-0231.mwcnf
Solution: [0, 0, 1, 1, 1, 0, 1, 0, 1, 1, 1, 1, 1, 1, 1, 1, 0, 0, 0, 1]
Success rate: 1.0
Weight: 4873
Solving file: data/wuf20-71-M\wuf20-0232.mwcnf
Solution: [1, 1, 0, 0, 1, 1, 1, 1, 1, 1, 0, 1, 1, 1, 0, 1, 1, 1, 1, 1]
Success rate: 1.0
Weight: 6751
Solving file: data/wuf20-71-M\wuf20-0234.mwcnf
Solution: [1, 0, 1, 1, 1, 1, 0, 0, 1, 1, 1, 1, 0, 1, 1, 1, 1, 1, 0, 1]
Success rate: 1.0
Weight: 5963
Solving file: data/wuf20-71-M\wuf20-0241.mwcnf
Solution: [0, 0, 1, 1, 1, 1, 0, 1, 1, 1, 1, 1, 0, 1, 1, 1, 1, 1, 1, 1]
Success rate: 1.0
Weight: 6257
Solving file: data/wuf20-71-M\wuf20-0240.mwcnf
Solution: [1, 1, 1, 1, 1, 1, 0, 1, 0, 1, 1, 0, 0, 1, 0, 1, 1, 1, 1, 1]
Success rate: 1.0
Weight: 6182
Solving file: data/wuf20-71-M\wuf20-0235.mwcnf
Solution: [1, 1, 1, 1, 1, 1, 1, 1, 1, 1, 1, 1, 1, 1, 1, 0, 0, 1, 1, 1]
Success rate: 1.0
Weight: 8095
Solving file: data/wuf20-71-M\wuf20-0229.mwcnf
Solution: [1, 1, 0, 1, 1, 1, 1, 1, 1, 0, 1, 1, 0, 1, 1, 0, 1, 1, 1, 1]
Success rate: 1.0
Weight: 7675
Solving file: data/wuf20-71-M\wuf20-0236.mwcnf
Solution: [1, 1, 1, 1, 0, 0, 1, 1, 1, 0, 1, 1, 1, 1, 0, 1, 1, 1, 1, 1]
Success rate: 1.0
Weight: 7755
Solving file: data/wuf20-71-M\wuf20-0239.mwcnf
Solution: [1, 1, 1, 1, 1, 1, 1, 1, 0, 1, 1, 1, 0, 1, 1, 1, 0, 1, 1, 1]
Success rate: 1.0
Weight: 6947
Solving file: data/wuf20-71-M\wuf20-0252.mwcnf
Solution: [0, 1, 1, 1, 0, 1, 1, 1, 1, 1, 1, 1, 1, 0, 0, 0, 0, 1, 0, 1]
Success rate: 1.0
Weight: 5233
Solving file: data/wuf20-71-M\wuf20-0251.mwcnf
Solution: [1, 0, 0, 1, 1, 1, 1, 1, 1, 1, 1, 1, 1, 1, 1, 1, 1, 1, 1, 0]
Success rate: 1.0
Weight: 7330
Solving file: data/wuf20-71-M\wuf20-0248.mwcnf
Solution: [1, 1, 0, 0, 0, 1, 1, 1, 1, 0, 1, 1, 1, 1, 1, 1, 1, 0, 1, 1]
Success rate: 1.0
Weight: 6438
Solving file: data/wuf20-71-M\wuf20-0244.mwcnf
Solution: [0, 1, 1, 1, 1, 1, 1, 1, 1, 1, 1, 1, 0, 1, 0, 1, 1, 1, 0, 0]
Success rate: 1.0
Weight: 6164
Solving file: data/wuf20-71-M\wuf20-0254.mwcnf
Solution: [1, 0, 1, 1, 1, 0, 1, 1, 1, 0, 1, 1, 1, 1, 1, 0, 0, 1, 1, 1]
Success rate: 1.0
Weight: 6586
Solving file: data/wuf20-71-M\wuf20-0242.mwcnf
Solution: [0, 1, 1, 1, 0, 0, 1, 1, 1, 1, 0, 1, 1, 1, 1, 1, 1, 1, 1, 0]
Success rate: 1.0
Weight: 6402
Solving file: data/wuf20-71-M\wuf20-0245.mwcnf
Solution: [1, 1, 1, 0, 1, 1, 1, 1, 1, 0, 1, 0, 1, 0, 0, 1, 0, 0, 1, 0]
Success rate: 1.0
Weight: 4755
Solving file: data/wuf20-71-M\wuf20-0247.mwcnf
Solution: [1, 1, 0, 1, 0, 1, 1, 1, 1, 1, 1, 1, 1, 1, 1, 1, 1, 0, 1, 1]
Success rate: 1.0
Weight: 7792
Solving file: data/wuf20-71-M\wuf20-0246.mwcnf
Solution: [0, 1, 1, 1, 0, 1, 1, 1, 1, 1, 0, 1, 1, 0, 0, 1, 1, 1, 1, 1]
Success rate: 1.0
Weight: 6057
Solving file: data/wuf20-71-M\wuf20-025.mwcnf
Solution: [1, 0, 1, 1, 1, 1, 1, 1, 1, 1, 1, 1, 0, 1, 1, 1, 1, 1, 0, 1]
Success rate: 1.0
Weight: 7264
Solving file: data/wuf20-71-M\wuf20-0255.mwcnf
Solution: [1, 0, 1, 1, 1, 1, 0, 1, 0, 0, 0, 1, 1, 1, 1, 1, 1, 1, 1, 0]
Success rate: 1.0
Weight: 6218
Solving file: data/wuf20-71-M\wuf20-0256.mwcnf
Solution: [1, 0, 1, 1, 1, 1, 0, 1, 1, 1, 1, 1, 1, 1, 1, 1, 1, 1, 0, 1]
Success rate: 1.0
Weight: 7556
Solving file: data/wuf20-71-M\wuf20-0249.mwcnf
Solution: [0, 0, 1, 1, 1, 0, 1, 1, 0, 0, 1, 1, 1, 1, 1, 1, 1, 1, 1, 1]
Success rate: 1.0
Weight: 6680
Solving file: data/wuf20-71-M\wuf20-0243.mwcnf
Solution: [1, 1, 0, 0, 1, 1, 0, 1, 1, 1, 0, 0, 1, 1, 1, 1, 1, 0, 1, 1]
Success rate: 1.0
Weight: 5265
Solving file: data/wuf20-71-M\wuf20-0250.mwcnf
Solution: [1, 1, 1, 1, 0, 1, 1, 1, 1, 1, 1, 1, 1, 1, 1, 1, 1, 1, 0, 1]
Success rate: 1.0
Weight: 8105
Solving file: data/wuf20-71-M\wuf20-0253.mwcnf
Solution: [1, 1, 0, 1, 1, 1, 0, 1, 1, 1, 1, 1, 1, 1, 1, 0, 1, 1, 1, 1]
Success rate: 1.0
Weight: 7535
Solving file: data/wuf20-71-M\wuf20-0267.mwcnf
Solution: [1, 0, 1, 1, 1, 1, 1, 0, 1, 0, 1, 1, 1, 1, 0, 1, 1, 1, 1, 1]
Success rate: 1.0
Weight: 6539
Solving file: data/wuf20-71-M\wuf20-0266.mwcnf
Solution: [1, 1, 1, 1, 1, 1, 1, 1, 1, 1, 1, 1, 1, 0, 1, 0, 1, 0, 1, 1]
Success rate: 1.0
Weight: 7684
Solving file: data/wuf20-71-M\wuf20-0262.mwcnf
Solution: [1, 1, 1, 1, 0, 1, 0, 0, 1, 1, 1, 1, 1, 1, 1, 1, 1, 0, 0, 0]
Success rate: 1.0
Weight: 6197
Solving file: data/wuf20-71-M\wuf20-0269.mwcnf
Solution: [1, 0, 1, 1, 1, 1, 1, 1, 1, 1, 0, 0, 0, 1, 0, 1, 1, 1, 0, 1]
Success rate: 1.0
Weight: 5709
Solving file: data/wuf20-71-M\wuf20-0259.mwcnf
Solution: [0, 1, 1, 0, 1, 1, 1, 1, 1, 1, 1, 1, 1, 1, 1, 1, 0, 1, 0, 0]
Success rate: 1.0
Weight: 6628
Solving file: data/wuf20-71-M\wuf20-026.mwcnf
Solution: [1, 1, 1, 1, 1, 1, 1, 0, 1, 1, 0, 0, 1, 1, 0, 1, 1, 1, 1, 0]
Success rate: 1.0
Weight: 6455
Solving file: data/wuf20-71-M\wuf20-0257.mwcnf
Solution: [1, 0, 1, 1, 1, 1, 1, 0, 0, 1, 1, 1, 1, 0, 1, 0, 1, 0, 1, 1]
Success rate: 1.0
Weight: 5977
Solving file: data/wuf20-71-M\wuf20-0260.mwcnf
Solution: [1, 0, 1, 1, 1, 1, 1, 1, 1, 1, 1, 1, 1, 1, 1, 0, 0, 0, 0, 0]
Success rate: 1.0
Weight: 5911
Solving file: data/wuf20-71-M\wuf20-0258.mwcnf
Solution: [1, 0, 1, 1, 1, 0, 1, 1, 1, 1, 1, 1, 1, 1, 0, 1, 1, 1, 1, 1]
Success rate: 1.0
Weight: 7089
Solving file: data/wuf20-71-M\wuf20-0261.mwcnf
Solution: [0, 1, 0, 1, 1, 1, 1, 1, 1, 1, 0, 1, 1, 1, 1, 0, 1, 1, 0, 1]
Success rate: 1.0
Weight: 6390
Solving file: data/wuf20-71-M\wuf20-0270.mwcnf
Solution: [1, 0, 1, 1, 1, 1, 1, 1, 1, 0, 1, 1, 1, 1, 1, 1, 1, 1, 1, 1]
Success rate: 1.0
Weight: 8242
Solving file: data/wuf20-71-M\wuf20-0264.mwcnf
Solution: [0, 0, 1, 1, 1, 1, 1, 1, 1, 0, 0, 0, 1, 1, 0, 1, 0, 1, 1, 1]
Success rate: 1.0
Weight: 5251
Solving file: data/wuf20-71-M\wuf20-027.mwcnf
Solution: [0, 1, 1, 0, 1, 1, 1, 0, 1, 1, 1, 1, 1, 0, 1, 1, 1, 1, 1, 1]
Success rate: 1.0
Weight: 6757
Solving file: data/wuf20-71-M\wuf20-0263.mwcnf
Solution: [1, 1, 1, 1, 1, 1, 0, 1, 1, 1, 1, 1, 0, 1, 0, 1, 1, 1, 1, 1]
Success rate: 1.0
Weight: 7523
Solving file: data/wuf20-71-M\wuf20-0265.mwcnf
Solution: [1, 1, 1, 1, 1, 1, 1, 1, 1, 0, 1, 1, 1, 0, 1, 1, 1, 1, 1, 1]
Success rate: 1.0
Weight: 8258
Solving file: data/wuf20-71-M\wuf20-0268.mwcnf
Solution: [1, 1, 1, 1, 1, 1, 1, 1, 1, 0, 1, 1, 0, 1, 1, 1, 1, 0, 1, 1]
Success rate: 1.0
Weight: 7856
Solving file: data/wuf20-71-M\wuf20-0281.mwcnf
Solution: [1, 1, 1, 1, 0, 1, 1, 1, 1, 1, 1, 0, 1, 1, 1, 1, 1, 1, 1, 0]
Success rate: 1.0
Weight: 6571
Solving file: data/wuf20-71-M\wuf20-0280.mwcnf
Solution: [0, 1, 1, 0, 1, 1, 1, 1, 0, 1, 1, 1, 1, 1, 1, 1, 1, 1, 1, 1]
Success rate: 1.0
Weight: 7361
Solving file: data/wuf20-71-M\wuf20-0277.mwcnf
Solution: [0, 1, 1, 0, 0, 1, 1, 0, 0, 1, 1, 1, 0, 1, 1, 1, 1, 1, 1, 1]
Success rate: 1.0
Weight: 5659
Solving file: data/wuf20-71-M\wuf20-0283.mwcnf
Solution: [1, 1, 1, 1, 1, 1, 1, 0, 1, 1, 1, 0, 1, 1, 1, 1, 1, 1, 1, 1]
Success rate: 1.0
Weight: 7994
Solving file: data/wuf20-71-M\wuf20-0273.mwcnf
Solution: [1, 1, 1, 0, 1, 1, 1, 1, 1, 0, 0, 1, 1, 0, 1, 0, 1, 0, 1, 1]
Success rate: 1.0
Weight: 5875
Solving file: data/wuf20-71-M\wuf20-0271.mwcnf
Solution: [0, 0, 1, 0, 0, 0, 1, 1, 1, 1, 1, 1, 1, 1, 1, 1, 1, 1, 1, 1]
Success rate: 1.0
Weight: 6105
Solving file: data/wuf20-71-M\wuf20-0274.mwcnf
Solution: [1, 1, 1, 1, 1, 1, 1, 1, 0, 0, 1, 1, 1, 1, 1, 0, 1, 1, 1, 1]
Success rate: 1.0
Weight: 7420
Solving file: data/wuf20-71-M\wuf20-0276.mwcnf
Solution: [0, 0, 1, 0, 1, 1, 1, 1, 1, 1, 1, 1, 1, 0, 1, 1, 1, 1, 1, 1]
Success rate: 1.0
Weight: 7056
Solving file: data/wuf20-71-M\wuf20-0272.mwcnf
Solution: [1, 1, 0, 0, 1, 0, 1, 1, 1, 1, 0, 1, 1, 1, 1, 1, 1, 1, 0, 1]
Success rate: 1.0
Weight: 5862
Solving file: data/wuf20-71-M\wuf20-0285.mwcnf
Solution: [0, 0, 1, 1, 1, 0, 1, 1, 1, 1, 0, 1, 0, 1, 1, 1, 1, 0, 1, 1]
Success rate: 1.0
Weight: 5588
Solving file: data/wuf20-71-M\wuf20-0284.mwcnf
Solution: [1, 1, 0, 1, 1, 1, 1, 1, 1, 1, 1, 1, 0, 1, 1, 0, 1, 1, 0, 0]
Success rate: 1.0
Weight: 5736
Solving file: data/wuf20-71-M\wuf20-0275.mwcnf
Solution: [1, 0, 1, 1, 1, 1, 1, 1, 0, 1, 1, 1, 1, 1, 1, 1, 0, 1, 0, 0]
Success rate: 1.0
Weight: 5273
Solving file: data/wuf20-71-M\wuf20-0279.mwcnf
Solution: [1, 1, 1, 1, 0, 1, 1, 1, 1, 1, 1, 0, 1, 1, 1, 0, 1, 1, 0, 1]
Success rate: 1.0
Weight: 7289
Solving file: data/wuf20-71-M\wuf20-0278.mwcnf
Solution: [0, 0, 1, 1, 0, 1, 1, 1, 1, 0, 1, 1, 1, 0, 1, 1, 1, 1, 1, 0]
Success rate: 1.0
Weight: 5300
Solving file: data/wuf20-71-M\wuf20-028.mwcnf
Solution: [1, 1, 1, 1, 1, 1, 0, 0, 1, 1, 0, 1, 1, 0, 0, 0, 1, 0, 1, 1]
Success rate: 1.0
Weight: 3534
Solving file: data/wuf20-71-M\wuf20-0282.mwcnf
Solution: [0, 1, 1, 1, 1, 1, 0, 1, 1, 0, 0, 1, 1, 1, 1, 0, 1, 1, 1, 1]
Success rate: 1.0
Weight: 6078
Solving file: data/wuf20-71-M\wuf20-0296.mwcnf
Solution: [0, 1, 1, 1, 0, 1, 1, 1, 0, 1, 1, 1, 1, 0, 1, 1, 0, 1, 1, 1]
Success rate: 1.0
Weight: 4387
Solving file: data/wuf20-71-M\wuf20-0295.mwcnf
Solution: [1, 1, 1, 0, 1, 1, 1, 1, 0, 1, 1, 1, 1, 1, 1, 0, 0, 0, 1, 1]
Success rate: 1.0
Weight: 4082
Solving file: data/wuf20-71-M\wuf20-0298.mwcnf
Solution: [1, 1, 0, 1, 1, 1, 0, 1, 1, 1, 0, 0, 0, 1, 1, 1, 1, 1, 1, 1]
Success rate: 1.0
Weight: 4770
Solving file: data/wuf20-71-M\wuf20-0288.mwcnf
Solution: [1, 1, 1, 0, 0, 1, 0, 1, 1, 0, 1, 1, 1, 0, 1, 1, 1, 1, 1, 1]
Success rate: 1.0
Weight: 6703
Solving file: data/wuf20-71-M\wuf20-0291.mwcnf
Solution: [1, 1, 1, 1, 1, 1, 1, 1, 1, 1, 1, 1, 0, 1, 1, 1, 1, 1, 1, 1]
Success rate: 1.0
Weight: 6406
Solving file: data/wuf20-71-M\wuf20-0290.mwcnf
Solution: [1, 1, 0, 1, 0, 1, 1, 1, 1, 1, 1, 1, 0, 0, 1, 1, 0, 1, 1, 0]
Success rate: 1.0
Weight: 4092
Solving file: data/wuf20-71-M\wuf20-0286.mwcnf
Solution: [0, 0, 1, 1, 1, 0, 1, 0, 1, 1, 1, 1, 1, 1, 0, 0, 1, 1, 0, 1]
Success rate: 1.0
Weight: 5702
Solving file: data/wuf20-71-M\wuf20-0289.mwcnf
Solution: [1, 1, 1, 1, 1, 0, 1, 0, 0, 1, 0, 1, 1, 0, 1, 1, 1, 1, 1, 0]
Success rate: 1.0
Weight: 4156
Solving file: data/wuf20-71-M\wuf20-0299.mwcnf
Solution: [1, 0, 1, 1, 0, 1, 1, 1, 0, 1, 1, 0, 1, 1, 1, 1, 0, 1, 0, 0]
Success rate: 1.0
Weight: 3528
Solving file: data/wuf20-71-M\wuf20-0287.mwcnf
Solution: [0, 1, 1, 0, 1, 1, 1, 1, 1, 1, 1, 1, 0, 1, 0, 1, 1, 1, 1, 1]
Success rate: 1.0
Weight: 6941
Solving file: data/wuf20-71-M\wuf20-029.mwcnf
Solution: [1, 1, 1, 1, 1, 0, 0, 0, 1, 1, 1, 1, 1, 0, 1, 1, 0, 0, 1, 1]
Success rate: 1.0
Weight: 4129
Solving file: data/wuf20-71-M\wuf20-03.mwcnf
Solution: [1, 1, 1, 1, 1, 1, 0, 1, 1, 1, 1, 1, 1, 1, 0, 0, 1, 1, 1, 1]
Success rate: 1.0
Weight: 4891
Solving file: data/wuf20-71-M\wuf20-0293.mwcnf
Solution: [1, 1, 0, 1, 0, 1, 0, 1, 1, 1, 1, 1, 1, 1, 1, 1, 1, 1, 1, 1]
Success rate: 1.0
Weight: 5397
Solving file: data/wuf20-71-M\wuf20-0292.mwcnf
Solution: [0, 1, 1, 0, 1, 1, 1, 1, 1, 0, 1, 1, 1, 1, 1, 1, 1, 1, 1, 1]
Success rate: 1.0
Weight: 5155
Solving file: data/wuf20-71-M\wuf20-0294.mwcnf
Solution: [1, 1, 1, 1, 1, 0, 1, 0, 1, 1, 1, 1, 0, 1, 1, 1, 1, 0, 0, 1]
Success rate: 1.0
Weight: 4786
Solving file: data/wuf20-71-M\wuf20-0297.mwcnf
Solution: [1, 1, 1, 1, 1, 0, 1, 1, 0, 1, 0, 1, 0, 1, 0, 0, 0, 1, 1, 0]
Success rate: 1.0
Weight: 3083
Solving file: data/wuf20-71-M\wuf20-031.mwcnf
Solution: [0, 0, 1, 1, 1, 1, 1, 1, 1, 1, 1, 1, 0, 0, 1, 1, 1, 1, 0, 0]
Success rate: 1.0
Weight: 4014
Solving file: data/wuf20-71-M\wuf20-0309.mwcnf
Solution: [1, 1, 1, 1, 1, 0, 1, 1, 1, 0, 1, 0, 1, 0, 1, 1, 1, 1, 0, 0]
Success rate: 1.0
Weight: 3991
Solving file: data/wuf20-71-M\wuf20-0311.mwcnf
Solution: [1, 1, 1, 1, 1, 1, 1, 0, 1, 0, 1, 1, 1, 0, 1, 1, 1, 0, 1, 1]
Success rate: 1.0
Weight: 5111
Solving file: data/wuf20-71-M\wuf20-0301.mwcnf
Solution: [1, 1, 0, 1, 1, 1, 1, 0, 1, 1, 1, 0, 0, 1, 1, 1, 1, 1, 1, 1]
Success rate: 1.0
Weight: 5106
Solving file: data/wuf20-71-M\wuf20-0305.mwcnf
Solution: [1, 1, 1, 1, 0, 1, 1, 1, 1, 1, 1, 0, 1, 1, 1, 0, 1, 0, 1, 1]
Success rate: 1.0
Weight: 4995
Solving file: data/wuf20-71-M\wuf20-0304.mwcnf
Solution: [0, 0, 0, 1, 0, 1, 0, 1, 1, 1, 0, 1, 1, 1, 1, 1, 1, 1, 1, 0]
Success rate: 1.0
Weight: 3465
Solving file: data/wuf20-71-M\wuf20-030.mwcnf
Solution: [1, 1, 1, 1, 0, 1, 1, 1, 1, 0, 0, 0, 1, 1, 1, 1, 1, 1, 1, 1]
Success rate: 1.0
Weight: 5042
Solving file: data/wuf20-71-M\wuf20-0303.mwcnf
Solution: [1, 0, 0, 1, 1, 0, 0, 0, 1, 1, 1, 1, 0, 1, 1, 0, 1, 1, 1, 1]
Success rate: 1.0
Weight: 3624
Solving file: data/wuf20-71-M\wuf20-0302.mwcnf
Solution: [1, 1, 1, 1, 1, 1, 1, 1, 1, 1, 1, 1, 0, 0, 0, 1, 1, 1, 1, 1]
Success rate: 1.0
Weight: 5479
Solving file: data/wuf20-71-M\wuf20-0312.mwcnf
Solution: [1, 1, 1, 0, 1, 1, 1, 1, 1, 1, 1, 0, 1, 0, 0, 0, 0, 1, 1, 1]
Success rate: 1.0
Weight: 4207
Solving file: data/wuf20-71-M\wuf20-0300.mwcnf
Solution: [1, 1, 1, 0, 1, 1, 1, 1, 1, 1, 0, 1, 1, 1, 1, 1, 1, 0, 1, 1]
Success rate: 1.0
Weight: 5147
Solving file: data/wuf20-71-M\wuf20-0306.mwcnf
Solution: [0, 1, 1, 1, 0, 0, 0, 1, 1, 1, 1, 0, 0, 0, 1, 1, 1, 1, 1, 1]
Success rate: 1.0
Weight: 3560
Solving file: data/wuf20-71-M\wuf20-0313.mwcnf
Solution: [1, 1, 1, 0, 1, 0, 0, 1, 0, 1, 1, 0, 1, 1, 1, 1, 1, 1, 1, 0]
Success rate: 1.0
Weight: 3919
Solving file: data/wuf20-71-M\wuf20-0307.mwcnf
Solution: [1, 1, 1, 0, 1, 0, 1, 0, 1, 1, 1, 1, 1, 0, 1, 1, 1, 1, 0, 1]
Success rate: 1.0
Weight: 5081
Solving file: data/wuf20-71-M\wuf20-0308.mwcnf
Solution: [1, 1, 1, 1, 1, 1, 1, 0, 1, 1, 1, 1, 1, 0, 1, 1, 0, 0, 0, 1]
Success rate: 1.0
Weight: 4776
Solving file: data/wuf20-71-M\wuf20-0310.mwcnf
Solution: [1, 1, 1, 1, 1, 0, 1, 0, 0, 1, 1, 1, 1, 1, 1, 1, 0, 0, 0, 0]
Success rate: 1.0
Weight: 4043
Solving file: data/wuf20-71-M\wuf20-0323.mwcnf
Solution: [1, 0, 0, 1, 1, 1, 1, 0, 1, 0, 1, 1, 1, 1, 0, 0, 0, 1, 1, 1]
Success rate: 1.0
Weight: 3046
Solving file: data/wuf20-71-M\wuf20-0326.mwcnf
Solution: [0, 1, 1, 1, 1, 1, 1, 1, 1, 0, 0, 1, 0, 1, 0, 0, 1, 1, 1, 1]
Success rate: 1.0
Weight: 4358
Solving file: data/wuf20-71-M\wuf20-0324.mwcnf
Solution: [1, 1, 1, 1, 1, 0, 1, 1, 1, 1, 1, 0, 1, 0, 1, 1, 0, 1, 1, 0]
Success rate: 1.0
Weight: 4374
Solving file: data/wuf20-71-M\wuf20-0316.mwcnf
Solution: [1, 1, 0, 0, 0, 1, 0, 0, 1, 0, 1, 1, 1, 1, 1, 1, 1, 0, 0, 1]
Success rate: 1.0
Weight: 3012
Solving file: data/wuf20-71-M\wuf20-032.mwcnf
Solution: [1, 1, 0, 1, 1, 1, 1, 0, 0, 1, 1, 1, 1, 0, 1, 1, 1, 1, 1, 1]
Success rate: 1.0
Weight: 4906
Solving file: data/wuf20-71-M\wuf20-0319.mwcnf
Solution: [1, 1, 1, 1, 1, 1, 1, 1, 1, 1, 0, 1, 0, 1, 1, 0, 1, 0, 1, 1]
Success rate: 1.0
Weight: 5387
Solving file: data/wuf20-71-M\wuf20-0314.mwcnf
Solution: [1, 1, 1, 1, 1, 1, 0, 0, 1, 1, 1, 0, 1, 1, 1, 1, 1, 1, 1, 1]
Success rate: 1.0
Weight: 5187
Solving file: data/wuf20-71-M\wuf20-0317.mwcnf
Solution: [1, 1, 1, 0, 1, 0, 1, 0, 1, 1, 1, 0, 1, 0, 1, 0, 1, 1, 1, 0]
Success rate: 1.0
Weight: 3741
Solving file: data/wuf20-71-M\wuf20-0328.mwcnf
Solution: [0, 0, 1, 0, 1, 1, 0, 1, 1, 0, 1, 1, 1, 1, 1, 1, 1, 0, 1, 1]
Success rate: 1.0
Weight: 4133
Solving file: data/wuf20-71-M\wuf20-0318.mwcnf
Solution: [1, 1, 1, 1, 1, 1, 0, 1, 1, 1, 1, 1, 1, 1, 1, 1, 1, 0, 1, 1]
Success rate: 1.0
Weight: 5764
Solving file: data/wuf20-71-M\wuf20-0320.mwcnf
Solution: [0, 1, 0, 1, 1, 1, 1, 0, 1, 1, 1, 0, 0, 1, 1, 1, 1, 1, 1, 1]
Success rate: 1.0
Weight: 4901
Solving file: data/wuf20-71-M\wuf20-0315.mwcnf
Solution: [1, 1, 1, 1, 1, 1, 1, 1, 0, 0, 1, 1, 1, 1, 1, 1, 1, 1, 0, 1]
Success rate: 1.0
Weight: 5293
Solving file: data/wuf20-71-M\wuf20-0321.mwcnf
Solution: [0, 1, 1, 1, 1, 1, 0, 1, 1, 0, 1, 1, 1, 0, 1, 1, 0, 1, 1, 0]
Success rate: 1.0
Weight: 4123
Solving file: data/wuf20-71-M\wuf20-0327.mwcnf
Solution: [1, 1, 0, 1, 1, 1, 1, 1, 1, 1, 1, 0, 1, 1, 0, 1, 0, 1, 1, 0]
Success rate: 1.0
Weight: 4482
Solving file: data/wuf20-71-M\wuf20-0322.mwcnf
Solution: [1, 0, 1, 0, 1, 1, 1, 1, 1, 1, 1, 1, 1, 1, 0, 1, 1, 1, 1, 0]
Success rate: 1.0
Weight: 4677
Solving file: data/wuf20-71-M\wuf20-0325.mwcnf
Solution: [1, 1, 0, 1, 1, 1, 1, 1, 1, 0, 1, 1, 1, 0, 1, 1, 1, 1, 1, 1]
Success rate: 1.0
Weight: 5461
Solving file: data/wuf20-71-M\wuf20-0338.mwcnf
Solution: [1, 0, 1, 1, 1, 0, 1, 0, 1, 1, 1, 1, 0, 1, 1, 1, 1, 1, 0, 1]
Success rate: 1.0
Weight: 4169
Solving file: data/wuf20-71-M\wuf20-0340.mwcnf
Solution: [1, 1, 0, 1, 1, 1, 1, 1, 1, 1, 1, 1, 0, 0, 1, 1, 1, 1, 1, 1]
Success rate: 1.0
Weight: 5323
Solving file: data/wuf20-71-M\wuf20-0339.mwcnf
Solution: [0, 1, 1, 1, 1, 1, 1, 1, 1, 0, 1, 1, 1, 1, 1, 1, 1, 1, 1, 1]
Success rate: 1.0
Weight: 5855
Solving file: data/wuf20-71-M\wuf20-0334.mwcnf
Solution: [0, 0, 0, 1, 1, 1, 0, 1, 0, 0, 1, 1, 1, 1, 0, 1, 1, 1, 1, 0]
Success rate: 1.0
Weight: 3172
Solving file: data/wuf20-71-M\wuf20-0330.mwcnf
Solution: [1, 1, 0, 1, 1, 0, 1, 0, 1, 1, 1, 1, 1, 1, 0, 1, 0, 1, 0, 1]
Success rate: 1.0
Weight: 3225
Solving file: data/wuf20-71-M\wuf20-0329.mwcnf
Solution: [0, 1, 1, 1, 1, 1, 0, 1, 1, 0, 0, 1, 1, 1, 1, 1, 0, 1, 1, 0]
Success rate: 1.0
Weight: 3652
Solving file: data/wuf20-71-M\wuf20-0331.mwcnf
Solution: [1, 1, 1, 1, 1, 1, 1, 1, 1, 1, 1, 0, 1, 1, 1, 0, 1, 1, 0, 0]
Success rate: 1.0
Weight: 4787
Solving file: data/wuf20-71-M\wuf20-0342.mwcnf
Solution: [1, 1, 0, 1, 1, 1, 1, 1, 1, 1, 1, 1, 0, 0, 0, 1, 1, 1, 1, 1]
Success rate: 1.0
Weight: 4897
Solving file: data/wuf20-71-M\wuf20-0332.mwcnf
Solution: [1, 0, 1, 0, 1, 1, 0, 1, 1, 1, 0, 1, 0, 1, 1, 1, 0, 1, 0, 1]
Success rate: 1.0
Weight: 3760
